SmartCommunity/app/build/outputs/logs/manifest-merger-release-report.txt
-- Merging decision tree log ---
manifest
ADDED from src/main/AndroidManifest.xml:2:1-349:12
	package
		ADDED from src/main/AndroidManifest.xml:4:5-36
		INJECTED from src/main/AndroidManifest.xml
		INJECTED from src/main/AndroidManifest.xml
	android:versionName
		INJECTED from src/main/AndroidManifest.xml
		INJECTED from src/main/AndroidManifest.xml
	xmlns:android
		ADDED from src/main/AndroidManifest.xml:2:11-69
	android:versionCode
		INJECTED from src/main/AndroidManifest.xml
		INJECTED from src/main/AndroidManifest.xml
uses-permission#com.android.launcher.permission.READ_SETTINGS
ADDED from src/main/AndroidManifest.xml:6:5-85
	android:name
		ADDED from src/main/AndroidManifest.xml:6:22-82
uses-permission#android.permission.ACCESS_COARSE_LOCATION
ADDED from src/main/AndroidManifest.xml:8:5-81
	android:name
		ADDED from src/main/AndroidManifest.xml:8:22-78
uses-permission#android.permission.ACCESS_FINE_LOCATION
ADDED from src/main/AndroidManifest.xml:10:5-79
	android:name
		ADDED from src/main/AndroidManifest.xml:10:22-76
uses-permission#android.permission.ACCESS_WIFI_STATE
ADDED from src/main/AndroidManifest.xml:12:5-76
	android:name
		ADDED from src/main/AndroidManifest.xml:12:22-73
uses-permission#android.permission.ACCESS_NETWORK_STATE
ADDED from src/main/AndroidManifest.xml:14:5-79
	android:name
		ADDED from src/main/AndroidManifest.xml:14:22-76
uses-permission#android.permission.READ_PHONE_STATE
ADDED from src/main/AndroidManifest.xml:16:5-75
	android:name
		ADDED from src/main/AndroidManifest.xml:16:22-72
uses-permission#android.permission.WRITE_EXTERNAL_STORAGE
ADDED from src/main/AndroidManifest.xml:18:5-81
MERGED from [com.lzy.widget:ninegridview:0.2.1] AndroidManifest.xml:12:5-81
MERGED from [com.lzy.widget:imagepicker:0.3.2] AndroidManifest.xml:14:5-81
	android:name
		ADDED from src/main/AndroidManifest.xml:18:22-78
uses-permission#android.permission.INTERNET
ADDED from src/main/AndroidManifest.xml:20:5-67
MERGED from [com.lzy.widget:ninegridview:0.2.1] AndroidManifest.xml:11:5-67
	android:name
		ADDED from src/main/AndroidManifest.xml:20:22-64
uses-permission#android.permission.CALL_PHONE
ADDED from src/main/AndroidManifest.xml:24:5-69
	android:name
		ADDED from src/main/AndroidManifest.xml:24:22-66
uses-permission#android.permission.ACCESS_LOCATION_EXTRA_COMMANDS
ADDED from src/main/AndroidManifest.xml:26:5-89
	android:name
		ADDED from src/main/AndroidManifest.xml:26:22-86
uses-permission#android.permission.VIBRATE
ADDED from src/main/AndroidManifest.xml:28:5-66
	android:name
		ADDED from src/main/AndroidManifest.xml:28:22-63
supports-screens
ADDED from src/main/AndroidManifest.xml:29:5-34:39
	android:largeScreens
		ADDED from src/main/AndroidManifest.xml:31:9-36
	android:smallScreens
		ADDED from src/main/AndroidManifest.xml:34:9-36
	android:normalScreens
		ADDED from src/main/AndroidManifest.xml:32:9-38
	android:resizeable
		ADDED from src/main/AndroidManifest.xml:33:9-34
	android:anyDensity
		ADDED from src/main/AndroidManifest.xml:30:9-34
uses-feature#0x00020000
ADDED from src/main/AndroidManifest.xml:37:5-39:35
	android:glEsVersion
		ADDED from src/main/AndroidManifest.xml:38:9-41
	android:required
		ADDED from src/main/AndroidManifest.xml:39:9-32
application
ADDED from src/main/AndroidManifest.xml:40:5-347:19
MERGED from [com.android.support.constraint:constraint-layout:1.0.2] AndroidManifest.xml:9:5-20
MERGED from [SmartCommunity:mylibrary:unspecified] AndroidManifest.xml:11:5-13:19
MERGED from [com.lzy.widget:ninegridview:0.2.1] AndroidManifest.xml:15:5-19:19
MERGED from [com.lzy.widget:imagepicker:0.3.2] AndroidManifest.xml:20:5-35:19
MERGED from [com.android.support:design:26.0.0-alpha1] AndroidManifest.xml:29:5-20
MERGED from [com.android.support:transition:26.0.0-alpha1] AndroidManifest.xml:26:5-20
MERGED from [net.qiujuer.genius:blur:2.0.0-beta4] AndroidManifest.xml:11:5-13:38
MERGED from [com.github.xiangtailiang.tablayout:library:1.0.0] AndroidManifest.xml:11:5-14:19
MERGED from [com.android.support:appcompat-v7:26.0.0-alpha1] AndroidManifest.xml:29:5-20
MERGED from [com.android.support:support-v4:26.0.0-alpha1] AndroidManifest.xml:29:5-20
MERGED from [com.android.support:support-media-compat:26.0.0-alpha1] AndroidManifest.xml:29:5-20
MERGED from [com.android.support:support-fragment:26.0.0-alpha1] AndroidManifest.xml:29:5-20
MERGED from [com.android.support:support-core-ui:26.0.0-alpha1] AndroidManifest.xml:29:5-20
MERGED from [com.android.support:support-core-utils:26.0.0-alpha1] AndroidManifest.xml:29:5-20
MERGED from [com.android.support:animated-vector-drawable:26.0.0-alpha1] AndroidManifest.xml:26:5-20
MERGED from [com.android.support:support-vector-drawable:26.0.0-alpha1] AndroidManifest.xml:26:5-20
MERGED from [com.android.support:support-compat:26.0.0-alpha1] AndroidManifest.xml:29:5-20
MERGED from [com.android.support:cardview-v7:26.0.0-alpha1] AndroidManifest.xml:26:5-20
	android:label
		ADDED from src/main/AndroidManifest.xml:45:9-41
	android:supportsRtl
		ADDED from src/main/AndroidManifest.xml:46:9-35
	android:hardwareAccelerated
		ADDED from src/main/AndroidManifest.xml:43:9-43
	android:allowBackup
		ADDED from src/main/AndroidManifest.xml:42:9-35
	android:icon
		ADDED from src/main/AndroidManifest.xml:44:9-39
	android:theme
		ADDED from src/main/AndroidManifest.xml:47:9-40
	android:name
		ADDED from src/main/AndroidManifest.xml:41:9-28
meta-data#com.baidu.lbsapi.API_KEY
ADDED from src/main/AndroidManifest.xml:55:9-57:64
	android:value
		ADDED from src/main/AndroidManifest.xml:57:13-61
	android:name
		ADDED from src/main/AndroidManifest.xml:56:13-52
service#com.baidu.location.f
ADDED from src/main/AndroidManifest.xml:58:9-61:41
	android:enabled
		ADDED from src/main/AndroidManifest.xml:60:13-35
	android:process
		ADDED from src/main/AndroidManifest.xml:61:13-38
	android:name
		ADDED from src/main/AndroidManifest.xml:59:13-48
activity#com.project.community.ui.SplashActivity
ADDED from src/main/AndroidManifest.xml:63:9-74:20
	android:name
		ADDED from src/main/AndroidManifest.xml:63:19-52
intent-filter#android.intent.action.MAIN+android.intent.category.LAUNCHER
ADDED from src/main/AndroidManifest.xml:64:13-67:29
action#android.intent.action.MAIN
ADDED from src/main/AndroidManifest.xml:65:17-69
	android:name
		ADDED from src/main/AndroidManifest.xml:65:25-66
category#android.intent.category.LAUNCHER
ADDED from src/main/AndroidManifest.xml:66:17-77
	android:name
		ADDED from src/main/AndroidManifest.xml:66:27-74
intent-filter#android.intent.action.VIEW+android.intent.category.BROWSABLE+android.intent.category.DEFAULT
ADDED from src/main/AndroidManifest.xml:68:13-73:29
action#android.intent.action.VIEW
ADDED from src/main/AndroidManifest.xml:69:17-68
	android:name
		ADDED from src/main/AndroidManifest.xml:69:25-66
category#android.intent.category.DEFAULT
ADDED from src/main/AndroidManifest.xml:70:17-76
	android:name
		ADDED from src/main/AndroidManifest.xml:70:27-73
category#android.intent.category.BROWSABLE
ADDED from src/main/AndroidManifest.xml:71:17-78
	android:name
		ADDED from src/main/AndroidManifest.xml:71:27-75
data
ADDED from src/main/AndroidManifest.xml:72:17-129
	android:host
		ADDED from src/main/AndroidManifest.xml:72:52-97
	android:scheme
		ADDED from src/main/AndroidManifest.xml:72:23-51
	android:pathPrefix
		ADDED from src/main/AndroidManifest.xml:72:98-127
activity#com.project.community.ui.guide.WelcomeGuideActivity
ADDED from src/main/AndroidManifest.xml:75:9-78:52
	android:screenOrientation
		ADDED from src/main/AndroidManifest.xml:78:13-49
	android:label
		ADDED from src/main/AndroidManifest.xml:77:13-53
	android:name
		ADDED from src/main/AndroidManifest.xml:76:13-58
activity#com.project.community.ui.MainActivity
ADDED from src/main/AndroidManifest.xml:79:9-83:67
	android:screenOrientation
		ADDED from src/main/AndroidManifest.xml:82:13-49
	android:label
		ADDED from src/main/AndroidManifest.xml:81:13-50
	android:windowSoftInputMode
		ADDED from src/main/AndroidManifest.xml:83:13-64
	android:name
		ADDED from src/main/AndroidManifest.xml:80:13-44
activity#com.project.community.ui.life.zhengwu.ZhengwuActivity
ADDED from src/main/AndroidManifest.xml:84:9-87:52
	android:screenOrientation
		ADDED from src/main/AndroidManifest.xml:87:13-49
	android:label
		ADDED from src/main/AndroidManifest.xml:86:13-53
	android:name
		ADDED from src/main/AndroidManifest.xml:85:13-60
activity#com.project.community.ui.life.wuye.WuyeActivity
ADDED from src/main/AndroidManifest.xml:88:9-91:52
	android:screenOrientation
		ADDED from src/main/AndroidManifest.xml:91:13-49
	android:label
		ADDED from src/main/AndroidManifest.xml:90:13-50
	android:name
		ADDED from src/main/AndroidManifest.xml:89:13-54
activity#com.project.community.ui.WebViewActivity
ADDED from src/main/AndroidManifest.xml:92:9-95:52
	android:screenOrientation
		ADDED from src/main/AndroidManifest.xml:95:13-49
	android:label
		ADDED from src/main/AndroidManifest.xml:94:13-53
	android:name
		ADDED from src/main/AndroidManifest.xml:93:13-47
activity#com.project.community.ui.life.minsheng.MinshengActivity
ADDED from src/main/AndroidManifest.xml:96:9-99:52
	android:screenOrientation
		ADDED from src/main/AndroidManifest.xml:99:13-49
	android:label
		ADDED from src/main/AndroidManifest.xml:98:13-54
	android:name
		ADDED from src/main/AndroidManifest.xml:97:13-62
activity#com.project.community.ui.user.RegisterActivity
ADDED from src/main/AndroidManifest.xml:100:9-103:52
	android:screenOrientation
		ADDED from src/main/AndroidManifest.xml:103:13-49
	android:label
		ADDED from src/main/AndroidManifest.xml:102:13-54
	android:name
		ADDED from src/main/AndroidManifest.xml:101:13-53
activity#com.project.community.ui.user.LoginActivity
ADDED from src/main/AndroidManifest.xml:104:9-107:52
	android:screenOrientation
		ADDED from src/main/AndroidManifest.xml:107:13-49
	android:label
		ADDED from src/main/AndroidManifest.xml:106:13-51
	android:name
		ADDED from src/main/AndroidManifest.xml:105:13-50
activity#com.project.community.ui.ImageBrowseActivity
ADDED from src/main/AndroidManifest.xml:108:9-111:52
	android:screenOrientation
		ADDED from src/main/AndroidManifest.xml:111:13-49
	android:label
		ADDED from src/main/AndroidManifest.xml:110:13-57
	android:name
		ADDED from src/main/AndroidManifest.xml:109:13-51
activity#com.project.community.ui.index.CategoryActivity
ADDED from src/main/AndroidManifest.xml:112:9-115:52
	android:screenOrientation
		ADDED from src/main/AndroidManifest.xml:115:13-49
	android:label
		ADDED from src/main/AndroidManifest.xml:114:13-54
	android:name
		ADDED from src/main/AndroidManifest.xml:113:13-54
activity#com.project.community.ui.life.zhengwu.WenjuanActivity
ADDED from src/main/AndroidManifest.xml:116:9-119:52
	android:screenOrientation
		ADDED from src/main/AndroidManifest.xml:119:13-49
	android:label
		ADDED from src/main/AndroidManifest.xml:118:13-53
	android:name
		ADDED from src/main/AndroidManifest.xml:117:13-60
activity#com.project.community.ui.life.zhengwu.WenjuanSearchActivity
ADDED from src/main/AndroidManifest.xml:120:9-123:52
	android:screenOrientation
		ADDED from src/main/AndroidManifest.xml:123:13-49
	android:label
		ADDED from src/main/AndroidManifest.xml:122:13-60
	android:name
		ADDED from src/main/AndroidManifest.xml:121:13-66
activity#com.project.community.ui.life.zhengwu.WenjuanDetailActivity
ADDED from src/main/AndroidManifest.xml:124:9-127:52
	android:screenOrientation
		ADDED from src/main/AndroidManifest.xml:127:13-49
	android:label
		ADDED from src/main/AndroidManifest.xml:126:13-59
	android:name
		ADDED from src/main/AndroidManifest.xml:125:13-66
activity#com.project.community.ui.PhoneDialogActivity
ADDED from src/main/AndroidManifest.xml:128:9-130:58
	android:theme
		ADDED from src/main/AndroidManifest.xml:130:13-55
	android:name
		ADDED from src/main/AndroidManifest.xml:129:13-51
activity#com.project.community.ui.life.zhengwu.TypeNewsActivity
ADDED from src/main/AndroidManifest.xml:131:9-133:52
	android:screenOrientation
		ADDED from src/main/AndroidManifest.xml:133:13-49
	android:name
		ADDED from src/main/AndroidManifest.xml:132:13-61
activity#com.project.community.ui.life.zhengwu.SuggestionActivity
ADDED from src/main/AndroidManifest.xml:134:9-138:58
	android:screenOrientation
		ADDED from src/main/AndroidManifest.xml:137:13-49
	android:label
		ADDED from src/main/AndroidManifest.xml:136:13-51
	android:windowSoftInputMode
		ADDED from src/main/AndroidManifest.xml:138:13-55
	android:name
		ADDED from src/main/AndroidManifest.xml:135:13-63
activity#com.project.community.ui.life.TopicDetailActivity
ADDED from src/main/AndroidManifest.xml:139:9-142:52
	android:screenOrientation
		ADDED from src/main/AndroidManifest.xml:142:13-49
	android:label
		ADDED from src/main/AndroidManifest.xml:141:13-58
	android:name
		ADDED from src/main/AndroidManifest.xml:140:13-56
activity#com.project.community.ui.life.zhengwu.CompanionActivity
ADDED from src/main/AndroidManifest.xml:143:9-146:52
	android:screenOrientation
		ADDED from src/main/AndroidManifest.xml:146:13-49
	android:label
		ADDED from src/main/AndroidManifest.xml:145:13-55
	android:name
		ADDED from src/main/AndroidManifest.xml:144:13-62
activity#com.project.community.ui.life.zhengwu.CompanionSearchActivity
ADDED from src/main/AndroidManifest.xml:147:9-148:51
	android:screenOrientation
		ADDED from src/main/AndroidManifest.xml:148:13-49
	android:name
		ADDED from src/main/AndroidManifest.xml:147:19-74
activity#com.project.community.ui.user.ForgetPassActivity
ADDED from src/main/AndroidManifest.xml:149:9-152:52
	android:screenOrientation
		ADDED from src/main/AndroidManifest.xml:152:13-49
	android:label
		ADDED from src/main/AndroidManifest.xml:151:13-52
	android:name
		ADDED from src/main/AndroidManifest.xml:150:13-55
activity#com.project.community.ui.user.SettingActivity
ADDED from src/main/AndroidManifest.xml:153:9-156:52
	android:screenOrientation
		ADDED from src/main/AndroidManifest.xml:156:13-49
	android:label
		ADDED from src/main/AndroidManifest.xml:155:13-53
	android:name
		ADDED from src/main/AndroidManifest.xml:154:13-52
activity#com.project.community.ui.life.SearchActivity
ADDED from src/main/AndroidManifest.xml:157:9-160:52
	android:screenOrientation
		ADDED from src/main/AndroidManifest.xml:160:13-49
	android:label
		ADDED from src/main/AndroidManifest.xml:159:13-52
	android:name
		ADDED from src/main/AndroidManifest.xml:158:13-51
activity#com.project.community.ui.life.wuye.PayIndexActivity
ADDED from src/main/AndroidManifest.xml:161:9-164:52
	android:screenOrientation
		ADDED from src/main/AndroidManifest.xml:164:13-49
	android:label
		ADDED from src/main/AndroidManifest.xml:163:13-53
	android:name
		ADDED from src/main/AndroidManifest.xml:162:13-58
activity#com.project.community.ui.life.wuye.PayHistroyActivity
ADDED from src/main/AndroidManifest.xml:165:9-168:52
	android:screenOrientation
		ADDED from src/main/AndroidManifest.xml:168:13-49
	android:label
		ADDED from src/main/AndroidManifest.xml:167:13-57
	android:name
		ADDED from src/main/AndroidManifest.xml:166:13-60
activity#com.project.community.ui.life.wuye.AddHouseNoActivity
ADDED from src/main/AndroidManifest.xml:169:9-172:52
	android:screenOrientation
		ADDED from src/main/AndroidManifest.xml:172:13-49
	android:label
		ADDED from src/main/AndroidManifest.xml:171:13-55
	android:name
		ADDED from src/main/AndroidManifest.xml:170:13-60
activity#com.project.community.ui.life.wuye.AddHouseNoDialogActivity
ADDED from src/main/AndroidManifest.xml:173:9-175:58
	android:theme
		ADDED from src/main/AndroidManifest.xml:175:13-55
	android:name
		ADDED from src/main/AndroidManifest.xml:174:13-66
activity#com.project.community.ui.life.wuye.PayDetailActivity
ADDED from src/main/AndroidManifest.xml:176:9-179:52
	android:screenOrientation
		ADDED from src/main/AndroidManifest.xml:179:13-49
	android:label
		ADDED from src/main/AndroidManifest.xml:178:13-56
	android:name
		ADDED from src/main/AndroidManifest.xml:177:13-59
activity#com.project.community.ui.life.wuye.PayDetailWuyeActivity
ADDED from src/main/AndroidManifest.xml:180:9-183:52
	android:screenOrientation
		ADDED from src/main/AndroidManifest.xml:183:13-49
	android:label
		ADDED from src/main/AndroidManifest.xml:182:13-56
	android:name
		ADDED from src/main/AndroidManifest.xml:181:13-63
activity#com.project.community.ui.life.wuye.PaymentDialogActivity
ADDED from src/main/AndroidManifest.xml:184:9-186:58
	android:theme
		ADDED from src/main/AndroidManifest.xml:186:13-55
	android:name
		ADDED from src/main/AndroidManifest.xml:185:13-63
activity#com.project.community.ui.life.family.FamilyInfoActivity
ADDED from src/main/AndroidManifest.xml:187:9-190:52
	android:screenOrientation
		ADDED from src/main/AndroidManifest.xml:190:13-49
	android:label
		ADDED from src/main/AndroidManifest.xml:189:13-57
	android:name
		ADDED from src/main/AndroidManifest.xml:188:13-62
activity#com.project.community.ui.life.family.FamilyAddActivity
ADDED from src/main/AndroidManifest.xml:191:9-194:52
	android:screenOrientation
		ADDED from src/main/AndroidManifest.xml:194:13-49
	android:label
		ADDED from src/main/AndroidManifest.xml:193:13-56
	android:name
		ADDED from src/main/AndroidManifest.xml:192:13-61
activity#com.project.community.ui.life.family.FamilyAddPersonActivity
ADDED from src/main/AndroidManifest.xml:195:9-198:52
	android:screenOrientation
		ADDED from src/main/AndroidManifest.xml:198:13-49
	android:label
		ADDED from src/main/AndroidManifest.xml:197:13-63
	android:name
		ADDED from src/main/AndroidManifest.xml:196:13-67
activity#com.project.community.ui.user.UserInfoActivity
ADDED from src/main/AndroidManifest.xml:199:9-202:52
	android:screenOrientation
		ADDED from src/main/AndroidManifest.xml:202:13-49
	android:label
		ADDED from src/main/AndroidManifest.xml:201:13-54
	android:name
		ADDED from src/main/AndroidManifest.xml:200:13-53
activity#com.project.community.ui.CommonDialogActivity
ADDED from src/main/AndroidManifest.xml:203:9-205:58
	android:theme
		ADDED from src/main/AndroidManifest.xml:205:13-55
	android:name
		ADDED from src/main/AndroidManifest.xml:204:13-52
activity#com.project.community.ui.user.ModifyUserInfoActivity
ADDED from src/main/AndroidManifest.xml:206:9-209:52
	android:screenOrientation
		ADDED from src/main/AndroidManifest.xml:209:13-49
	android:label
		ADDED from src/main/AndroidManifest.xml:208:13-61
	android:name
		ADDED from src/main/AndroidManifest.xml:207:13-59
activity#com.project.community.ui.user.ModifyPwdActivity
ADDED from src/main/AndroidManifest.xml:210:9-213:52
	android:screenOrientation
		ADDED from src/main/AndroidManifest.xml:213:13-49
	android:label
		ADDED from src/main/AndroidManifest.xml:212:13-56
	android:name
		ADDED from src/main/AndroidManifest.xml:211:13-54
activity#com.project.community.ui.user.AgreementWebViewActivity
ADDED from src/main/AndroidManifest.xml:214:9-216:58
	android:label
		ADDED from src/main/AndroidManifest.xml:216:13-55
	android:name
		ADDED from src/main/AndroidManifest.xml:215:13-61
service#com.project.community.service.AppLocationService
ADDED from src/main/AndroidManifest.xml:218:9-225:19
	android:enabled
		ADDED from src/main/AndroidManifest.xml:220:13-35
	android:process
		ADDED from src/main/AndroidManifest.xml:221:13-38
	android:name
		ADDED from src/main/AndroidManifest.xml:219:13-55
intent-filter#com.project.community.service.AppLocationService
ADDED from src/main/AndroidManifest.xml:222:13-224:29
action#com.project.community.service.AppLocationService
ADDED from src/main/AndroidManifest.xml:223:17-91
	android:name
		ADDED from src/main/AndroidManifest.xml:223:25-88
receiver#com.project.community.receiver.BootBroadcastReceiver
ADDED from src/main/AndroidManifest.xml:227:9-232:20
	android:name
		ADDED from src/main/AndroidManifest.xml:227:19-65
intent-filter#android.intent.action.BOOT_COMPLETED+android.intent.category.HOME
ADDED from src/main/AndroidManifest.xml:228:13-231:29
action#android.intent.action.BOOT_COMPLETED
ADDED from src/main/AndroidManifest.xml:229:17-79
	android:name
		ADDED from src/main/AndroidManifest.xml:229:25-76
category#android.intent.category.HOME
ADDED from src/main/AndroidManifest.xml:230:17-73
	android:name
		ADDED from src/main/AndroidManifest.xml:230:27-70
receiver#com.project.community.receiver.ShutdownBroadcastReceiver
ADDED from src/main/AndroidManifest.xml:233:9-238:20
	android:name
		ADDED from src/main/AndroidManifest.xml:233:19-69
intent-filter#android.intent.action.ACTION_SHUTDOWN+android.intent.category.HOME
ADDED from src/main/AndroidManifest.xml:234:13-237:29
action#android.intent.action.ACTION_SHUTDOWN
ADDED from src/main/AndroidManifest.xml:235:17-80
	android:name
		ADDED from src/main/AndroidManifest.xml:235:25-77
activity#com.project.community.wxapi.WXEntryActivity
ADDED from src/main/AndroidManifest.xml:243:9-248:75
	android:screenOrientation
		ADDED from src/main/AndroidManifest.xml:247:13-49
	android:exported
		ADDED from src/main/AndroidManifest.xml:246:13-36
	android:configChanges
		ADDED from src/main/AndroidManifest.xml:245:13-74
	android:theme
		ADDED from src/main/AndroidManifest.xml:248:13-72
	android:name
		ADDED from src/main/AndroidManifest.xml:244:13-50
activity#com.umeng.socialize.media.WBShareCallBackActivity
ADDED from src/main/AndroidManifest.xml:250:9-255:75
	android:screenOrientation
		ADDED from src/main/AndroidManifest.xml:254:13-49
	android:exported
		ADDED from src/main/AndroidManifest.xml:253:13-37
	android:configChanges
		ADDED from src/main/AndroidManifest.xml:252:13-63
	android:theme
		ADDED from src/main/AndroidManifest.xml:255:13-72
	android:name
		ADDED from src/main/AndroidManifest.xml:251:13-77
activity#com.sina.weibo.sdk.share.WbShareTransActivity
ADDED from src/main/AndroidManifest.xml:257:9-265:20
	android:launchMode
		ADDED from src/main/AndroidManifest.xml:259:13-44
	android:theme
		ADDED from src/main/AndroidManifest.xml:260:13-83
	android:name
		ADDED from src/main/AndroidManifest.xml:258:13-73
intent-filter#android.intent.category.DEFAULT+com.sina.weibo.sdk.action.ACTION_SDK_REQ_ACTIVITY
ADDED from src/main/AndroidManifest.xml:261:13-264:29
action#com.sina.weibo.sdk.action.ACTION_SDK_REQ_ACTIVITY
ADDED from src/main/AndroidManifest.xml:262:17-92
	android:name
		ADDED from src/main/AndroidManifest.xml:262:25-89
activity#com.project.community.apshare.ShareEntryActivity
ADDED from src/main/AndroidManifest.xml:268:9-273:75
	android:screenOrientation
		ADDED from src/main/AndroidManifest.xml:272:13-49
	android:exported
		ADDED from src/main/AndroidManifest.xml:271:13-36
	android:configChanges
		ADDED from src/main/AndroidManifest.xml:270:13-74
	android:theme
		ADDED from src/main/AndroidManifest.xml:273:13-72
	android:name
		ADDED from src/main/AndroidManifest.xml:269:13-55
activity#com.tencent.tauth.AuthActivity
ADDED from src/main/AndroidManifest.xml:276:9-290:20
	android:launchMode
		ADDED from src/main/AndroidManifest.xml:278:13-44
	android:noHistory
		ADDED from src/main/AndroidManifest.xml:279:13-37
	android:name
		ADDED from src/main/AndroidManifest.xml:277:13-58
activity#com.tencent.connect.common.AssistActivity
ADDED from src/main/AndroidManifest.xml:292:9-296:75
	android:screenOrientation
		ADDED from src/main/AndroidManifest.xml:295:13-49
	android:configChanges
		ADDED from src/main/AndroidManifest.xml:294:13-74
	android:theme
		ADDED from src/main/AndroidManifest.xml:296:13-72
	android:name
		ADDED from src/main/AndroidManifest.xml:293:13-69
meta-data#UMENG_APPKEY
ADDED from src/main/AndroidManifest.xml:300:9-302:56
	android:value
		ADDED from src/main/AndroidManifest.xml:302:13-53
	android:name
		ADDED from src/main/AndroidManifest.xml:301:13-40
activity#com.alipay.sdk.app.H5PayActivity
ADDED from src/main/AndroidManifest.xml:320:9-326:20
	android:screenOrientation
		ADDED from src/main/AndroidManifest.xml:324:13-47
	android:exported
		ADDED from src/main/AndroidManifest.xml:323:13-37
	android:windowSoftInputMode
		ADDED from src/main/AndroidManifest.xml:325:13-67
	android:configChanges
		ADDED from src/main/AndroidManifest.xml:322:13-85
	android:name
		ADDED from src/main/AndroidManifest.xml:321:13-60
activity#com.alipay.sdk.app.H5AuthActivity
ADDED from src/main/AndroidManifest.xml:327:9-333:20
	android:screenOrientation
		ADDED from src/main/AndroidManifest.xml:331:13-47
	android:exported
		ADDED from src/main/AndroidManifest.xml:330:13-37
	android:windowSoftInputMode
		ADDED from src/main/AndroidManifest.xml:332:13-67
	android:configChanges
		ADDED from src/main/AndroidManifest.xml:329:13-74
	android:name
		ADDED from src/main/AndroidManifest.xml:328:13-61
provider#android.support.v4.content.FileProvider
ADDED from src/main/AndroidManifest.xml:338:9-346:20
	android:authorities
		ADDED from src/main/AndroidManifest.xml:340:13-56
	android:grantUriPermissions
		ADDED from src/main/AndroidManifest.xml:342:13-47
	android:exported
		ADDED from src/main/AndroidManifest.xml:341:13-37
	android:name
		ADDED from src/main/AndroidManifest.xml:339:13-67
meta-data#android.support.FILE_PROVIDER_PATHS
ADDED from src/main/AndroidManifest.xml:343:13-345:54
	android:resource
		ADDED from src/main/AndroidManifest.xml:345:17-51
	android:name
		ADDED from src/main/AndroidManifest.xml:344:17-67
uses-sdk
INJECTED from src/main/AndroidManifest.xml reason: use-sdk injection requested
MERGED from [com.android.support:multidex:1.0.1] AndroidManifest.xml:18:5-42
MERGED from [com.android.support.constraint:constraint-layout:1.0.2] AndroidManifest.xml:5:5-7:41
MERGED from [SmartCommunity:mylibrary:unspecified] AndroidManifest.xml:7:5-9:41
MERGED from [com.lzy.widget:ninegridview:0.2.1] AndroidManifest.xml:7:5-9:41
MERGED from [com.lzy.widget:imagepicker:0.3.2] AndroidManifest.xml:7:5-9:41
MERGED from [com.lzy.widget:view-core:0.2.1] AndroidManifest.xml:8:5-10:41
MERGED from [io.reactivex:rxandroid:1.2.1] AndroidManifest.xml:19:5-43
MERGED from [com.android.support:design:26.0.0-alpha1] AndroidManifest.xml:21:5-23:62
MERGED from [com.android.support:recyclerview-v7:26.0.0-alpha1] AndroidManifest.xml:20:5-44
MERGED from [com.android.support:transition:26.0.0-alpha1] AndroidManifest.xml:20:5-44
MERGED from [jp.wasabeef:glide-transformations:2.0.1] AndroidManifest.xml:8:5-10:41
MERGED from [net.qiujuer.genius:blur:2.0.0-beta4] AndroidManifest.xml:7:5-9:41
MERGED from [com.github.chrisbanes.photoview:library:1.2.4] AndroidManifest.xml:7:5-9:41
MERGED from [com.github.zcweng:switch-button:0.0.3] AndroidManifest.xml:7:5-9:41
MERGED from [com.github.xiangtailiang.tablayout:library:1.0.0] AndroidManifest.xml:7:5-9:41
MERGED from [com.android.support:appcompat-v7:26.0.0-alpha1] AndroidManifest.xml:21:5-23:78
MERGED from [com.android.support:support-v4:26.0.0-alpha1] AndroidManifest.xml:21:5-23:54
MERGED from [com.android.support:support-media-compat:26.0.0-alpha1] AndroidManifest.xml:21:5-23:63
MERGED from [com.android.support:support-fragment:26.0.0-alpha1] AndroidManifest.xml:21:5-23:60
MERGED from [com.android.support:support-core-ui:26.0.0-alpha1] AndroidManifest.xml:21:5-23:58
MERGED from [com.android.support:support-core-utils:26.0.0-alpha1] AndroidManifest.xml:21:5-23:61
MERGED from [com.android.support:animated-vector-drawable:26.0.0-alpha1] AndroidManifest.xml:20:5-44
MERGED from [com.android.support:support-vector-drawable:26.0.0-alpha1] AndroidManifest.xml:20:5-44
MERGED from [com.android.support:support-compat:26.0.0-alpha1] AndroidManifest.xml:21:5-23:58
MERGED from [com.android.support:cardview-v7:26.0.0-alpha1] AndroidManifest.xml:20:5-44
MERGED from [com.facebook.fresco:fresco:1.3.0] AndroidManifest.xml:5:5-7:41
MERGED from [com.facebook.fresco:drawee:1.3.0] AndroidManifest.xml:5:5-7:41
MERGED from [com.facebook.fresco:imagepipeline:1.3.0] AndroidManifest.xml:5:5-7:41
MERGED from [com.facebook.fresco:imagepipeline-base:1.3.0] AndroidManifest.xml:5:5-7:41
MERGED from [com.facebook.fresco:fbcore:1.3.0] AndroidManifest.xml:5:5-7:41
	tools:overrideLibrary
		ADDED from [com.android.support:design:26.0.0-alpha1] AndroidManifest.xml:23:9-59
	android:targetSdkVersion
		INJECTED from src/main/AndroidManifest.xml
		INJECTED from src/main/AndroidManifest.xml
	android:minSdkVersion
		INJECTED from src/main/AndroidManifest.xml
		INJECTED from src/main/AndroidManifest.xml
activity#com.library.okgo.permission.PermissionActivity
ADDED from [SmartCommunity:mylibrary:unspecified] AndroidManifest.xml:12:9-83
	android:name
		ADDED from [SmartCommunity:mylibrary:unspecified] AndroidManifest.xml:12:19-80
uses-permission#android.permission.READ_EXTERNAL_STORAGE
ADDED from [com.lzy.widget:ninegridview:0.2.1] AndroidManifest.xml:13:5-80
IMPLIED from src/main/AndroidManifest.xml:2:1-349:12 reason: com.lzy.ninegrid requested WRITE_EXTERNAL_STORAGE
MERGED from [com.lzy.widget:imagepicker:0.3.2] AndroidManifest.xml:16:5-80
	android:name
		ADDED from [com.lzy.widget:ninegridview:0.2.1] AndroidManifest.xml:13:22-77
activity#com.lzy.ninegrid.preview.ImagePreviewActivity
ADDED from [com.lzy.widget:ninegridview:0.2.1] AndroidManifest.xml:16:9-18:75
	android:theme
		ADDED from [com.lzy.widget:ninegridview:0.2.1] AndroidManifest.xml:18:13-72
	android:name
		ADDED from [com.lzy.widget:ninegridview:0.2.1] AndroidManifest.xml:17:13-73
uses-permission#android.permission.MOUNT_UNMOUNT_FILESYSTEMS
ADDED from [com.lzy.widget:imagepicker:0.3.2] AndroidManifest.xml:12:5-84
	android:name
		ADDED from [com.lzy.widget:imagepicker:0.3.2] AndroidManifest.xml:12:22-81
uses-permission#android.permission.CAMERA
ADDED from [com.lzy.widget:imagepicker:0.3.2] AndroidManifest.xml:18:5-65
	android:name
		ADDED from [com.lzy.widget:imagepicker:0.3.2] AndroidManifest.xml:18:22-62
activity#com.lzy.imagepicker.ui.ImageBaseActivity
ADDED from [com.lzy.widget:imagepicker:0.3.2] AndroidManifest.xml:21:9-77
	android:name
		ADDED from [com.lzy.widget:imagepicker:0.3.2] AndroidManifest.xml:21:19-74
activity#com.lzy.imagepicker.ui.ImageGridActivity
ADDED from [com.lzy.widget:imagepicker:0.3.2] AndroidManifest.xml:22:9-25:55